Determining if the pthread_create exist failed with the following output:
Change Dir: /media/xbot/8802F5C302F5B672/1/build/CMakeFiles/CMakeTmp

Run Build Command:"/usr/bin/make" "cmTC_b81b5/fast"
/usr/bin/make -f CMakeFiles/cmTC_b81b5.dir/build.make CMakeFiles/cmTC_b81b5.dir/build
make[1]: Entering directory '/media/xbot/8802F5C302F5B672/1/build/CMakeFiles/CMakeTmp'
Building C object CMakeFiles/cmTC_b81b5.dir/CheckSymbolExists.c.o
/usr/bin/cc     -o CMakeFiles/cmTC_b81b5.dir/CheckSymbolExists.c.o   -c /media/xbot/8802F5C302F5B672/1/build/CMakeFiles/CMakeTmp/CheckSymbolExists.c
Linking C executable cmTC_b81b5
/usr/bin/cmake -E cmake_link_script CMakeFiles/cmTC_b81b5.dir/link.txt --verbose=1
/usr/bin/cc       CMakeFiles/cmTC_b81b5.dir/CheckSymbolExists.c.o  -o cmTC_b81b5 -rdynamic 
CMakeFiles/cmTC_b81b5.dir/CheckSymbolExists.c.o: In function `main':
CheckSymbolExists.c:(.text+0x16): undefined reference to `pthread_create'
collect2: error: ld returned 1 exit status
CMakeFiles/cmTC_b81b5.dir/build.make:97: recipe for target 'cmTC_b81b5' failed
make[1]: *** [cmTC_b81b5] Error 1
make[1]: Leaving directory '/media/xbot/8802F5C302F5B672/1/build/CMakeFiles/CMakeTmp'
Makefile:126: recipe for target 'cmTC_b81b5/fast' failed
make: *** [cmTC_b81b5/fast] Error 2

File /media/xbot/8802F5C302F5B672/1/build/CMakeFiles/CMakeTmp/CheckSymbolExists.c:
/* */
#include <pthread.h>

int main(int argc, char** argv)
{
  (void)argv;
#ifndef pthread_create
  return ((int*)(&pthread_create))[argc];
#else
  (void)argc;
  return 0;
#endif
}

Determining if the function pthread_create exists in the pthreads failed with the following output:
Change Dir: /media/xbot/8802F5C302F5B672/1/build/CMakeFiles/CMakeTmp

Run Build Command:"/usr/bin/make" "cmTC_c00de/fast"
/usr/bin/make -f CMakeFiles/cmTC_c00de.dir/build.make CMakeFiles/cmTC_c00de.dir/build
make[1]: Entering directory '/media/xbot/8802F5C302F5B672/1/build/CMakeFiles/CMakeTmp'
Building C object CMakeFiles/cmTC_c00de.dir/CheckFunctionExists.c.o
/usr/bin/cc    -DCHECK_FUNCTION_EXISTS=pthread_create   -o CMakeFiles/cmTC_c00de.dir/CheckFunctionExists.c.o   -c /usr/share/cmake-3.5/Modules/CheckFunctionExists.c
Linking C executable cmTC_c00de
/usr/bin/cmake -E cmake_link_script CMakeFiles/cmTC_c00de.dir/link.txt --verbose=1
/usr/bin/cc   -DCHECK_FUNCTION_EXISTS=pthread_create    CMakeFiles/cmTC_c00de.dir/CheckFunctionExists.c.o  -o cmTC_c00de -rdynamic -lpthreads 
/usr/bin/ld: cannot find -lpthreads
collect2: error: ld returned 1 exit status
CMakeFiles/cmTC_c00de.dir/build.make:97: recipe for target 'cmTC_c00de' failed
make[1]: *** [cmTC_c00de] Error 1
make[1]: Leaving directory '/media/xbot/8802F5C302F5B672/1/build/CMakeFiles/CMakeTmp'
Makefile:126: recipe for target 'cmTC_c00de/fast' failed
make: *** [cmTC_c00de/fast] Error 2


